<?xml version="1.0" encoding="UTF-8"?>
<robot generator="Robot 6.1.1 (Python 3.8.0 on win32)" generated="20231003 15:37:21.137" rpa="false" schemaversion="4">
<suite id="s1" name="testSuite" source="C:\Formation\Git1-RBF\project_Test_By_RobotFramework\Suites\REC\testSuite.robot">
<test id="s1-t1" name="regiter test" line="24">
<kw name="ouvrir navigateur" library="Setup_Teardown" type="SETUP">
<arg>url=${urlTest}</arg>
<kw name="Log To Console" library="BuiltIn">
<arg>message=Oppening ${url}</arg>
<doc>Logs the given message to the console.</doc>
<status status="PASS" starttime="20231003 15:37:21.506" endtime="20231003 15:37:21.506"/>
</kw>
<kw name="Open Browser" library="SeleniumLibrary">
<arg>url=about:blank</arg>
<arg>browser=chrome</arg>
<doc>Opens a new browser instance to the optional ``url``.</doc>
<msg timestamp="20231003 15:37:21.506" level="INFO">Opening browser 'chrome' to base url 'about:blank'.</msg>
<status status="PASS" starttime="20231003 15:37:21.506" endtime="20231003 15:37:25.721"/>
</kw>
<kw name="Go To" library="SeleniumLibrary">
<arg>${url}</arg>
<doc>Navigates the current browser window to the provided ``url``.</doc>
<msg timestamp="20231003 15:37:25.723" level="INFO">Opening url 'http://practice.automationtesting.in/'</msg>
<status status="PASS" starttime="20231003 15:37:25.722" endtime="20231003 15:37:50.475"/>
</kw>
<kw name="Maximize Browser Window" library="SeleniumLibrary">
<doc>Maximizes current browser window.</doc>
<status status="PASS" starttime="20231003 15:37:50.476" endtime="20231003 15:37:50.656"/>
</kw>
<status status="PASS" starttime="20231003 15:37:21.505" endtime="20231003 15:37:50.657"/>
</kw>
<kw name="click on the myAccount button" library="homePage">
<kw name="click Web Element" library="Utils">
<arg>locator=${xpath.goToMyAccount}</arg>
<arg>timeout=10</arg>
<kw name="Log To Console" library="BuiltIn">
<arg>message=clique sur l'element : ${locator}</arg>
<doc>Logs the given message to the console.</doc>
<status status="PASS" starttime="20231003 15:37:50.680" endtime="20231003 15:37:50.689"/>
</kw>
<kw name="Wait Until Page Contains Element" library="SeleniumLibrary">
<arg>locator=${locator}</arg>
<arg>timeout=${timeout}</arg>
<doc>Waits until the element ``locator`` appears on the current page.</doc>
<status status="PASS" starttime="20231003 15:37:50.690" endtime="20231003 15:37:50.851"/>
</kw>
<kw name="Click Element" library="SeleniumLibrary">
<arg>locator=${locator}</arg>
<doc>Click the element identified by ``locator``.</doc>
<msg timestamp="20231003 15:37:50.853" level="INFO">Clicking element '//a[contains(text(),'My Account')]'.</msg>
<status status="PASS" starttime="20231003 15:37:50.852" endtime="20231003 15:37:53.315"/>
</kw>
<status status="PASS" starttime="20231003 15:37:50.671" endtime="20231003 15:37:53.315"/>
</kw>
<status status="PASS" starttime="20231003 15:37:50.664" endtime="20231003 15:37:53.316"/>
</kw>
<kw name="register" library="loginPage">
<arg>username=hajartaouil1tesjhgt@gmail.com</arg>
<arg>password=TestOGG12345!@hajartaouiltest1998</arg>
<kw name="input in Web Element" library="Utils">
<arg>locator=${xpath.fieldRegisterEmail}</arg>
<arg>timeout=5s</arg>
<arg>text=${username}</arg>
<kw name="Log To Console" library="BuiltIn">
<arg>message=Saisie du text : ${text} sur l'element ${locator}</arg>
<doc>Logs the given message to the console.</doc>
<status status="PASS" starttime="20231003 15:37:53.320" endtime="20231003 15:37:53.321"/>
</kw>
<kw name="Wait Until Page Contains Element" library="SeleniumLibrary">
<arg>locator=${locator}</arg>
<arg>timeout=${timeout}</arg>
<doc>Waits until the element ``locator`` appears on the current page.</doc>
<status status="PASS" starttime="20231003 15:37:53.321" endtime="20231003 15:37:53.464"/>
</kw>
<kw name="Input Text" library="SeleniumLibrary">
<arg>locator=${locator}</arg>
<arg>text=${text}</arg>
<doc>Types the given ``text`` into the text field identified by ``locator``.</doc>
<msg timestamp="20231003 15:37:53.467" level="INFO">Typing text 'hajartaouil1tesjhgt@gmail.com' into text field '//input[@id='reg_email']'.</msg>
<status status="PASS" starttime="20231003 15:37:53.464" endtime="20231003 15:37:54.730"/>
</kw>
<status status="PASS" starttime="20231003 15:37:53.318" endtime="20231003 15:37:54.730"/>
</kw>
<kw name="input in Web Element" library="Utils">
<arg>locator=${xpath.fieldRegisterPassword}</arg>
<arg>timeout=5s</arg>
<arg>text=${password}</arg>
<kw name="Log To Console" library="BuiltIn">
<arg>message=Saisie du text : ${text} sur l'element ${locator}</arg>
<doc>Logs the given message to the console.</doc>
<status status="PASS" starttime="20231003 15:37:54.732" endtime="20231003 15:37:54.734"/>
</kw>
<kw name="Wait Until Page Contains Element" library="SeleniumLibrary">
<arg>locator=${locator}</arg>
<arg>timeout=${timeout}</arg>
<doc>Waits until the element ``locator`` appears on the current page.</doc>
<status status="PASS" starttime="20231003 15:37:54.734" endtime="20231003 15:37:54.772"/>
</kw>
<kw name="Input Text" library="SeleniumLibrary">
<arg>locator=${locator}</arg>
<arg>text=${text}</arg>
<doc>Types the given ``text`` into the text field identified by ``locator``.</doc>
<msg timestamp="20231003 15:37:54.774" level="INFO">Typing text 'TestOGG12345!@hajartaouiltest1998' into text field '//input[@id='reg_password']'.</msg>
<status status="PASS" starttime="20231003 15:37:54.773" endtime="20231003 15:37:55.017"/>
</kw>
<status status="PASS" starttime="20231003 15:37:54.731" endtime="20231003 15:37:55.017"/>
</kw>
<kw name="Sleep" library="BuiltIn">
<arg>3</arg>
<doc>Pauses the test executed for the given time.</doc>
<msg timestamp="20231003 15:37:58.030" level="INFO">Slept 3 seconds</msg>
<status status="PASS" starttime="20231003 15:37:55.017" endtime="20231003 15:37:58.030"/>
</kw>
<status status="PASS" starttime="20231003 15:37:53.317" endtime="20231003 15:37:58.030"/>
</kw>
<kw name="Click register" library="loginPage">
<kw name="click Web Element" library="Utils">
<arg>locator=${xpath.registerButton}</arg>
<arg>timeout=20s</arg>
<kw name="Log To Console" library="BuiltIn">
<arg>message=clique sur l'element : ${locator}</arg>
<doc>Logs the given message to the console.</doc>
<status status="PASS" starttime="20231003 15:37:58.034" endtime="20231003 15:37:58.035"/>
</kw>
<kw name="Wait Until Page Contains Element" library="SeleniumLibrary">
<arg>locator=${locator}</arg>
<arg>timeout=${timeout}</arg>
<doc>Waits until the element ``locator`` appears on the current page.</doc>
<status status="PASS" starttime="20231003 15:37:58.035" endtime="20231003 15:37:59.262"/>
</kw>
<kw name="Click Element" library="SeleniumLibrary">
<arg>locator=${locator}</arg>
<doc>Click the element identified by ``locator``.</doc>
<msg timestamp="20231003 15:37:59.263" level="INFO">Clicking element '//input[@value='Register']'.</msg>
<status status="PASS" starttime="20231003 15:37:59.262" endtime="20231003 15:38:01.297"/>
</kw>
<status status="PASS" starttime="20231003 15:37:58.032" endtime="20231003 15:38:01.298"/>
</kw>
<status status="PASS" starttime="20231003 15:37:58.032" endtime="20231003 15:38:01.298"/>
</kw>
<kw name="Sleep" library="BuiltIn">
<arg>3</arg>
<doc>Pauses the test executed for the given time.</doc>
<msg timestamp="20231003 15:38:04.313" level="INFO">Slept 3 seconds</msg>
<status status="PASS" starttime="20231003 15:38:01.299" endtime="20231003 15:38:04.313"/>
</kw>
<kw name="fermer navigateur" library="Setup_Teardown" type="TEARDOWN">
<kw name="Log To Console" library="BuiltIn">
<arg>message=closing browser</arg>
<doc>Logs the given message to the console.</doc>
<status status="PASS" starttime="20231003 15:38:04.314" endtime="20231003 15:38:04.315"/>
</kw>
<kw name="Capture Page Screenshot" library="SeleniumLibrary">
<doc>Takes a screenshot of the current page and embeds it into a log file.</doc>
<msg timestamp="20231003 15:38:04.491" level="INFO" html="true">&lt;/td&gt;&lt;/tr&gt;&lt;tr&gt;&lt;td colspan="3"&gt;&lt;a href="selenium-screenshot-16.png"&gt;&lt;img src="selenium-screenshot-16.png" width="800px"&gt;&lt;/a&gt;</msg>
<status status="PASS" starttime="20231003 15:38:04.315" endtime="20231003 15:38:04.491"/>
</kw>
<kw name="Close Browser" library="SeleniumLibrary">
<doc>Closes the current browser.</doc>
<status status="PASS" starttime="20231003 15:38:04.491" endtime="20231003 15:38:07.097"/>
</kw>
<status status="PASS" starttime="20231003 15:38:04.314" endtime="20231003 15:38:07.097"/>
</kw>
<status status="PASS" starttime="20231003 15:37:21.504" endtime="20231003 15:38:07.098"/>
</test>
<test id="s1-t2" name="login test" line="30">
<kw name="ouvrir navigateur" library="Setup_Teardown" type="SETUP">
<arg>url=${urlTest}</arg>
<kw name="Log To Console" library="BuiltIn">
<arg>message=Oppening ${url}</arg>
<doc>Logs the given message to the console.</doc>
<status status="PASS" starttime="20231003 15:38:07.101" endtime="20231003 15:38:07.102"/>
</kw>
<kw name="Open Browser" library="SeleniumLibrary">
<arg>url=about:blank</arg>
<arg>browser=chrome</arg>
<doc>Opens a new browser instance to the optional ``url``.</doc>
<msg timestamp="20231003 15:38:07.103" level="INFO">Opening browser 'chrome' to base url 'about:blank'.</msg>
<status status="PASS" starttime="20231003 15:38:07.103" endtime="20231003 15:38:11.585"/>
</kw>
<kw name="Go To" library="SeleniumLibrary">
<arg>${url}</arg>
<doc>Navigates the current browser window to the provided ``url``.</doc>
<msg timestamp="20231003 15:38:11.586" level="INFO">Opening url 'http://practice.automationtesting.in/'</msg>
<status status="PASS" starttime="20231003 15:38:11.585" endtime="20231003 15:38:35.888"/>
</kw>
<kw name="Maximize Browser Window" library="SeleniumLibrary">
<doc>Maximizes current browser window.</doc>
<status status="PASS" starttime="20231003 15:38:35.889" endtime="20231003 15:38:36.027"/>
</kw>
<status status="PASS" starttime="20231003 15:38:07.101" endtime="20231003 15:38:36.028"/>
</kw>
<kw name="click on the myAccount button" library="homePage">
<kw name="click Web Element" library="Utils">
<arg>locator=${xpath.goToMyAccount}</arg>
<arg>timeout=10</arg>
<kw name="Log To Console" library="BuiltIn">
<arg>message=clique sur l'element : ${locator}</arg>
<doc>Logs the given message to the console.</doc>
<status status="PASS" starttime="20231003 15:38:36.038" endtime="20231003 15:38:36.039"/>
</kw>
<kw name="Wait Until Page Contains Element" library="SeleniumLibrary">
<arg>locator=${locator}</arg>
<arg>timeout=${timeout}</arg>
<doc>Waits until the element ``locator`` appears on the current page.</doc>
<status status="PASS" starttime="20231003 15:38:36.040" endtime="20231003 15:38:36.197"/>
</kw>
<kw name="Click Element" library="SeleniumLibrary">
<arg>locator=${locator}</arg>
<doc>Click the element identified by ``locator``.</doc>
<msg timestamp="20231003 15:38:36.199" level="INFO">Clicking element '//a[contains(text(),'My Account')]'.</msg>
<status status="PASS" starttime="20231003 15:38:36.198" endtime="20231003 15:38:38.633"/>
</kw>
<status status="PASS" starttime="20231003 15:38:36.036" endtime="20231003 15:38:38.633"/>
</kw>
<status status="PASS" starttime="20231003 15:38:36.034" endtime="20231003 15:38:38.633"/>
</kw>
<kw name="login" library="loginPage">
<arg>username=mzili.elmehdi@gmail.com</arg>
<arg>password=Hola123456?</arg>
<kw name="input in Web Element" library="Utils">
<arg>locator=${xpath.fieldLoginUserName}</arg>
<arg>timeout=5s</arg>
<arg>text=${username}</arg>
<kw name="Log To Console" library="BuiltIn">
<arg>message=Saisie du text : ${text} sur l'element ${locator}</arg>
<doc>Logs the given message to the console.</doc>
<status status="PASS" starttime="20231003 15:38:38.635" endtime="20231003 15:38:38.636"/>
</kw>
<kw name="Wait Until Page Contains Element" library="SeleniumLibrary">
<arg>locator=${locator}</arg>
<arg>timeout=${timeout}</arg>
<doc>Waits until the element ``locator`` appears on the current page.</doc>
<status status="PASS" starttime="20231003 15:38:38.636" endtime="20231003 15:38:38.703"/>
</kw>
<kw name="Input Text" library="SeleniumLibrary">
<arg>locator=${locator}</arg>
<arg>text=${text}</arg>
<doc>Types the given ``text`` into the text field identified by ``locator``.</doc>
<msg timestamp="20231003 15:38:38.704" level="INFO">Typing text 'mzili.elmehdi@gmail.com' into text field '//input[contains(@name,'username')]'.</msg>
<status status="PASS" starttime="20231003 15:38:38.703" endtime="20231003 15:38:39.346"/>
</kw>
<status status="PASS" starttime="20231003 15:38:38.635" endtime="20231003 15:38:39.346"/>
</kw>
<kw name="input in Web Element" library="Utils">
<arg>locator=${xpath.fieldLoginPassword}</arg>
<arg>timeout=5s</arg>
<arg>text=${password}</arg>
<kw name="Log To Console" library="BuiltIn">
<arg>message=Saisie du text : ${text} sur l'element ${locator}</arg>
<doc>Logs the given message to the console.</doc>
<status status="PASS" starttime="20231003 15:38:39.347" endtime="20231003 15:38:39.348"/>
</kw>
<kw name="Wait Until Page Contains Element" library="SeleniumLibrary">
<arg>locator=${locator}</arg>
<arg>timeout=${timeout}</arg>
<doc>Waits until the element ``locator`` appears on the current page.</doc>
<status status="PASS" starttime="20231003 15:38:39.349" endtime="20231003 15:38:39.389"/>
</kw>
<kw name="Input Text" library="SeleniumLibrary">
<arg>locator=${locator}</arg>
<arg>text=${text}</arg>
<doc>Types the given ``text`` into the text field identified by ``locator``.</doc>
<msg timestamp="20231003 15:38:39.391" level="INFO">Typing text 'Hola123456?' into text field '//input[@id='password']'.</msg>
<status status="PASS" starttime="20231003 15:38:39.390" endtime="20231003 15:38:39.545"/>
</kw>
<status status="PASS" starttime="20231003 15:38:39.346" endtime="20231003 15:38:39.545"/>
</kw>
<status status="PASS" starttime="20231003 15:38:38.635" endtime="20231003 15:38:39.546"/>
</kw>
<kw name="click login" library="loginPage">
<kw name="click Web Element" library="Utils">
<arg>locator=${xpath.loginButton}</arg>
<arg>timeout=20s</arg>
<kw name="Log To Console" library="BuiltIn">
<arg>message=clique sur l'element : ${locator}</arg>
<doc>Logs the given message to the console.</doc>
<status status="PASS" starttime="20231003 15:38:39.549" endtime="20231003 15:38:39.550"/>
</kw>
<kw name="Wait Until Page Contains Element" library="SeleniumLibrary">
<arg>locator=${locator}</arg>
<arg>timeout=${timeout}</arg>
<doc>Waits until the element ``locator`` appears on the current page.</doc>
<status status="PASS" starttime="20231003 15:38:39.550" endtime="20231003 15:38:39.580"/>
</kw>
<kw name="Click Element" library="SeleniumLibrary">
<arg>locator=${locator}</arg>
<doc>Click the element identified by ``locator``.</doc>
<msg timestamp="20231003 15:38:39.582" level="INFO">Clicking element '//input[@type='submit' and @name='login']'.</msg>
<status status="PASS" starttime="20231003 15:38:39.580" endtime="20231003 15:38:44.819"/>
</kw>
<status status="PASS" starttime="20231003 15:38:39.548" endtime="20231003 15:38:44.819"/>
</kw>
<status status="PASS" starttime="20231003 15:38:39.547" endtime="20231003 15:38:44.820"/>
</kw>
<kw name="Sleep" library="BuiltIn">
<arg>3</arg>
<doc>Pauses the test executed for the given time.</doc>
<msg timestamp="20231003 15:38:47.836" level="INFO">Slept 3 seconds</msg>
<status status="PASS" starttime="20231003 15:38:44.822" endtime="20231003 15:38:47.838"/>
</kw>
<kw name="fermer navigateur" library="Setup_Teardown" type="TEARDOWN">
<kw name="Log To Console" library="BuiltIn">
<arg>message=closing browser</arg>
<doc>Logs the given message to the console.</doc>
<status status="PASS" starttime="20231003 15:38:47.842" endtime="20231003 15:38:47.843"/>
</kw>
<kw name="Capture Page Screenshot" library="SeleniumLibrary">
<doc>Takes a screenshot of the current page and embeds it into a log file.</doc>
<msg timestamp="20231003 15:38:48.105" level="INFO" html="true">&lt;/td&gt;&lt;/tr&gt;&lt;tr&gt;&lt;td colspan="3"&gt;&lt;a href="selenium-screenshot-17.png"&gt;&lt;img src="selenium-screenshot-17.png" width="800px"&gt;&lt;/a&gt;</msg>
<status status="PASS" starttime="20231003 15:38:47.844" endtime="20231003 15:38:48.105"/>
</kw>
<kw name="Close Browser" library="SeleniumLibrary">
<doc>Closes the current browser.</doc>
<status status="PASS" starttime="20231003 15:38:48.107" endtime="20231003 15:38:50.593"/>
</kw>
<status status="PASS" starttime="20231003 15:38:47.842" endtime="20231003 15:38:50.593"/>
</kw>
<status status="PASS" starttime="20231003 15:38:07.100" endtime="20231003 15:38:50.593"/>
</test>
<test id="s1-t3" name="shopping test" line="37">
<kw name="ouvrir navigateur" library="Setup_Teardown" type="SETUP">
<arg>url=${urlTest}</arg>
<kw name="Log To Console" library="BuiltIn">
<arg>message=Oppening ${url}</arg>
<doc>Logs the given message to the console.</doc>
<status status="PASS" starttime="20231003 15:38:50.596" endtime="20231003 15:38:50.596"/>
</kw>
<kw name="Open Browser" library="SeleniumLibrary">
<arg>url=about:blank</arg>
<arg>browser=chrome</arg>
<doc>Opens a new browser instance to the optional ``url``.</doc>
<msg timestamp="20231003 15:38:50.597" level="INFO">Opening browser 'chrome' to base url 'about:blank'.</msg>
<status status="PASS" starttime="20231003 15:38:50.597" endtime="20231003 15:38:54.738"/>
</kw>
<kw name="Go To" library="SeleniumLibrary">
<arg>${url}</arg>
<doc>Navigates the current browser window to the provided ``url``.</doc>
<msg timestamp="20231003 15:38:54.740" level="INFO">Opening url 'http://practice.automationtesting.in/'</msg>
<status status="PASS" starttime="20231003 15:38:54.739" endtime="20231003 15:39:14.518"/>
</kw>
<kw name="Maximize Browser Window" library="SeleniumLibrary">
<doc>Maximizes current browser window.</doc>
<status status="PASS" starttime="20231003 15:39:14.518" endtime="20231003 15:39:14.656"/>
</kw>
<status status="PASS" starttime="20231003 15:38:50.595" endtime="20231003 15:39:14.656"/>
</kw>
<kw name="click on the shop button" library="homePage">
<kw name="click Web Element" library="Utils">
<arg>locator=${xpath.shopButton}</arg>
<arg>timeout=5</arg>
<kw name="Log To Console" library="BuiltIn">
<arg>message=clique sur l'element : ${locator}</arg>
<doc>Logs the given message to the console.</doc>
<status status="PASS" starttime="20231003 15:39:14.661" endtime="20231003 15:39:14.663"/>
</kw>
<kw name="Wait Until Page Contains Element" library="SeleniumLibrary">
<arg>locator=${locator}</arg>
<arg>timeout=${timeout}</arg>
<doc>Waits until the element ``locator`` appears on the current page.</doc>
<status status="PASS" starttime="20231003 15:39:14.663" endtime="20231003 15:39:14.811"/>
</kw>
<kw name="Click Element" library="SeleniumLibrary">
<arg>locator=${locator}</arg>
<doc>Click the element identified by ``locator``.</doc>
<msg timestamp="20231003 15:39:14.817" level="INFO">Clicking element '//li[@id='menu-item-40']/a'.</msg>
<status status="PASS" starttime="20231003 15:39:14.812" endtime="20231003 15:39:14.975"/>
</kw>
<status status="PASS" starttime="20231003 15:39:14.659" endtime="20231003 15:39:14.976"/>
</kw>
<status status="PASS" starttime="20231003 15:39:14.657" endtime="20231003 15:39:14.976"/>
</kw>
<kw name="click on add to basket" library="ShopPage">
<kw name="Scroll en bas" library="Utils">
<kw name="Execute Javascript" library="SeleniumLibrary">
<arg>window.scrollTo(0, window.scrollY+500)</arg>
<doc>Executes the given JavaScript code with possible arguments.</doc>
<msg timestamp="20231003 15:39:14.981" level="INFO">Executing JavaScript:
window.scrollTo(0, window.scrollY+500)
Without any arguments.</msg>
<status status="PASS" starttime="20231003 15:39:14.979" endtime="20231003 15:39:15.025"/>
</kw>
<status status="PASS" starttime="20231003 15:39:14.977" endtime="20231003 15:39:15.025"/>
</kw>
<kw name="click Web Element" library="Utils">
<arg>locator=${xpath.addToCardButton}</arg>
<arg>timeout=5</arg>
<kw name="Log To Console" library="BuiltIn">
<arg>message=clique sur l'element : ${locator}</arg>
<doc>Logs the given message to the console.</doc>
<status status="PASS" starttime="20231003 15:39:15.027" endtime="20231003 15:39:15.030"/>
</kw>
<kw name="Wait Until Page Contains Element" library="SeleniumLibrary">
<arg>locator=${locator}</arg>
<arg>timeout=${timeout}</arg>
<doc>Waits until the element ``locator`` appears on the current page.</doc>
<status status="PASS" starttime="20231003 15:39:15.030" endtime="20231003 15:39:24.249"/>
</kw>
<kw name="Click Element" library="SeleniumLibrary">
<arg>locator=${locator}</arg>
<doc>Click the element identified by ``locator``.</doc>
<msg timestamp="20231003 15:39:24.251" level="INFO">Clicking element '//a[@href='/shop/?add-to-cart=169']'.</msg>
<status status="PASS" starttime="20231003 15:39:24.249" endtime="20231003 15:39:24.337"/>
</kw>
<status status="PASS" starttime="20231003 15:39:15.026" endtime="20231003 15:39:24.337"/>
</kw>
<kw name="Sleep" library="BuiltIn">
<arg>2</arg>
<doc>Pauses the test executed for the given time.</doc>
<msg timestamp="20231003 15:39:26.341" level="INFO">Slept 2 seconds</msg>
<status status="PASS" starttime="20231003 15:39:24.338" endtime="20231003 15:39:26.341"/>
</kw>
<status status="PASS" starttime="20231003 15:39:14.976" endtime="20231003 15:39:26.342"/>
</kw>
<kw name="click on the start shopping button" library="homePage">
<kw name="click Web Element" library="Utils">
<arg>locator=${xpath.startShopping}</arg>
<arg>timeout=5</arg>
<kw name="Log To Console" library="BuiltIn">
<arg>message=clique sur l'element : ${locator}</arg>
<doc>Logs the given message to the console.</doc>
<status status="PASS" starttime="20231003 15:39:26.344" endtime="20231003 15:39:26.345"/>
</kw>
<kw name="Wait Until Page Contains Element" library="SeleniumLibrary">
<arg>locator=${locator}</arg>
<arg>timeout=${timeout}</arg>
<doc>Waits until the element ``locator`` appears on the current page.</doc>
<status status="PASS" starttime="20231003 15:39:26.345" endtime="20231003 15:39:26.369"/>
</kw>
<kw name="Click Element" library="SeleniumLibrary">
<arg>locator=${locator}</arg>
<doc>Click the element identified by ``locator``.</doc>
<msg timestamp="20231003 15:39:26.369" level="INFO">Clicking element '//li[@id='wpmenucartli']/a'.</msg>
<status status="PASS" starttime="20231003 15:39:26.369" endtime="20231003 15:39:27.930"/>
</kw>
<status status="PASS" starttime="20231003 15:39:26.343" endtime="20231003 15:39:27.930"/>
</kw>
<status status="PASS" starttime="20231003 15:39:26.343" endtime="20231003 15:39:27.930"/>
</kw>
<kw name="click on remove from basket" library="ShopPage">
<kw name="click Web Element" library="Utils">
<arg>locator=${xpath.removeProductButton}</arg>
<arg>timeout=5</arg>
<kw name="Log To Console" library="BuiltIn">
<arg>message=clique sur l'element : ${locator}</arg>
<doc>Logs the given message to the console.</doc>
<status status="PASS" starttime="20231003 15:39:27.933" endtime="20231003 15:39:27.935"/>
</kw>
<kw name="Wait Until Page Contains Element" library="SeleniumLibrary">
<arg>locator=${locator}</arg>
<arg>timeout=${timeout}</arg>
<doc>Waits until the element ``locator`` appears on the current page.</doc>
<status status="PASS" starttime="20231003 15:39:27.935" endtime="20231003 15:39:27.967"/>
</kw>
<kw name="Click Element" library="SeleniumLibrary">
<arg>locator=${locator}</arg>
<doc>Click the element identified by ``locator``.</doc>
<msg timestamp="20231003 15:39:27.969" level="INFO">Clicking element '//td[@class='product-remove']/a'.</msg>
<status status="PASS" starttime="20231003 15:39:27.968" endtime="20231003 15:39:28.067"/>
</kw>
<status status="PASS" starttime="20231003 15:39:27.932" endtime="20231003 15:39:28.067"/>
</kw>
<status status="PASS" starttime="20231003 15:39:27.931" endtime="20231003 15:39:28.067"/>
</kw>
<kw name="fermer navigateur" library="Setup_Teardown" type="TEARDOWN">
<kw name="Log To Console" library="BuiltIn">
<arg>message=closing browser</arg>
<doc>Logs the given message to the console.</doc>
<status status="PASS" starttime="20231003 15:39:28.071" endtime="20231003 15:39:28.072"/>
</kw>
<kw name="Capture Page Screenshot" library="SeleniumLibrary">
<doc>Takes a screenshot of the current page and embeds it into a log file.</doc>
<msg timestamp="20231003 15:39:28.340" level="INFO" html="true">&lt;/td&gt;&lt;/tr&gt;&lt;tr&gt;&lt;td colspan="3"&gt;&lt;a href="selenium-screenshot-18.png"&gt;&lt;img src="selenium-screenshot-18.png" width="800px"&gt;&lt;/a&gt;</msg>
<status status="PASS" starttime="20231003 15:39:28.073" endtime="20231003 15:39:28.340"/>
</kw>
<kw name="Close Browser" library="SeleniumLibrary">
<doc>Closes the current browser.</doc>
<status status="PASS" starttime="20231003 15:39:28.340" endtime="20231003 15:39:30.793"/>
</kw>
<status status="PASS" starttime="20231003 15:39:28.069" endtime="20231003 15:39:30.794"/>
</kw>
<status status="PASS" starttime="20231003 15:38:50.595" endtime="20231003 15:39:30.810"/>
</test>
<doc>ce fichier nous aide à faire executer un test</doc>
<status status="PASS" starttime="20231003 15:37:21.139" endtime="20231003 15:39:30.818"/>
</suite>
<statistics>
<total>
<stat pass="3" fail="0" skip="0">All Tests</stat>
</total>
<tag>
</tag>
<suite>
<stat pass="3" fail="0" skip="0" id="s1" name="testSuite">testSuite</stat>
</suite>
</statistics>
<errors>
</errors>
</robot>
