<?xml version="1.0" encoding="UTF-8"?>
<robot generator="Robot 6.1.1 (Python 3.8.0 on win32)" generated="20230930 20:04:17.878" rpa="false" schemaversion="4">
<suite id="s1" name="testSuite" source="C:\Users\omoussat\Desktop\Formation_Test\ProjectForTest\by_robotFramework\Suites\REC\testSuite.robot">
<test id="s1-t1" name="shopping test" line="23">
<kw name="ouvrir navigateur" library="Setup_Teardown" type="SETUP">
<arg>url=${urlTest}</arg>
<kw name="Log To Console" library="BuiltIn">
<arg>message=Oppening ${url}</arg>
<doc>Logs the given message to the console.</doc>
<status status="PASS" starttime="20230930 20:04:18.060" endtime="20230930 20:04:18.060"/>
</kw>
<kw name="Open Browser" library="SeleniumLibrary">
<arg>url=about:blank</arg>
<arg>browser=chrome</arg>
<doc>Opens a new browser instance to the optional ``url``.</doc>
<msg timestamp="20230930 20:04:18.061" level="INFO">Opening browser 'chrome' to base url 'about:blank'.</msg>
<msg timestamp="20230930 20:04:21.245" level="WARN">The chromedriver version (116.0.5845.96) detected in PATH at C:\Python38\Scripts\chromedriver.exe might not be compatible with the detected chrome version (117.0.5938.92); currently, chromedriver 117.0.5938.92 is recommended for chrome 117.*, so it is advised to delete the driver in PATH and retry</msg>
<status status="PASS" starttime="20230930 20:04:18.061" endtime="20230930 20:04:22.887"/>
</kw>
<kw name="Go To" library="SeleniumLibrary">
<arg>${url}</arg>
<doc>Navigates the current browser window to the provided ``url``.</doc>
<msg timestamp="20230930 20:04:22.888" level="INFO">Opening url 'http://practice.automationtesting.in/'</msg>
<status status="PASS" starttime="20230930 20:04:22.887" endtime="20230930 20:04:37.072"/>
</kw>
<kw name="Maximize Browser Window" library="SeleniumLibrary">
<doc>Maximizes current browser window.</doc>
<status status="PASS" starttime="20230930 20:04:37.073" endtime="20230930 20:04:37.222"/>
</kw>
<status status="PASS" starttime="20230930 20:04:18.059" endtime="20230930 20:04:37.223"/>
</kw>
<kw name="click on the shop button" library="homePage">
<kw name="click Web Element" library="Utils">
<arg>locator=${xpath.shopButton}</arg>
<arg>timeout=5</arg>
<kw name="Log To Console" library="BuiltIn">
<arg>message=clique sur l'element : ${locator}</arg>
<doc>Logs the given message to the console.</doc>
<status status="PASS" starttime="20230930 20:04:37.230" endtime="20230930 20:04:37.232"/>
</kw>
<kw name="Wait Until Page Contains Element" library="SeleniumLibrary">
<arg>locator=${locator}</arg>
<arg>timeout=${timeout}</arg>
<doc>Waits until the element ``locator`` appears on the current page.</doc>
<status status="PASS" starttime="20230930 20:04:37.233" endtime="20230930 20:04:37.341"/>
</kw>
<kw name="Click Element" library="SeleniumLibrary">
<arg>locator=${locator}</arg>
<doc>Click the element identified by ``locator``.</doc>
<msg timestamp="20230930 20:04:37.344" level="INFO">Clicking element '//li[@id='menu-item-40']/a'.</msg>
<status status="PASS" starttime="20230930 20:04:37.342" endtime="20230930 20:04:45.662"/>
</kw>
<status status="PASS" starttime="20230930 20:04:37.229" endtime="20230930 20:04:45.662"/>
</kw>
<status status="PASS" starttime="20230930 20:04:37.228" endtime="20230930 20:04:45.662"/>
</kw>
<kw name="click on add to basket" library="ShopPage">
<kw name="Scroll en bas" library="Utils">
<kw name="Execute Javascript" library="SeleniumLibrary">
<arg>window.scrollTo(0, window.scrollY+500)</arg>
<doc>Executes the given JavaScript code with possible arguments.</doc>
<msg timestamp="20230930 20:04:45.665" level="INFO">Executing JavaScript:
window.scrollTo(0, window.scrollY+500)
Without any arguments.</msg>
<status status="PASS" starttime="20230930 20:04:45.664" endtime="20230930 20:04:45.670"/>
</kw>
<status status="PASS" starttime="20230930 20:04:45.663" endtime="20230930 20:04:45.670"/>
</kw>
<kw name="click Web Element" library="Utils">
<arg>locator=${xpath.addToCardButton}</arg>
<arg>timeout=5</arg>
<kw name="Log To Console" library="BuiltIn">
<arg>message=clique sur l'element : ${locator}</arg>
<doc>Logs the given message to the console.</doc>
<status status="PASS" starttime="20230930 20:04:45.671" endtime="20230930 20:04:45.672"/>
</kw>
<kw name="Wait Until Page Contains Element" library="SeleniumLibrary">
<arg>locator=${locator}</arg>
<arg>timeout=${timeout}</arg>
<doc>Waits until the element ``locator`` appears on the current page.</doc>
<status status="PASS" starttime="20230930 20:04:45.672" endtime="20230930 20:04:45.703"/>
</kw>
<kw name="Click Element" library="SeleniumLibrary">
<arg>locator=${locator}</arg>
<doc>Click the element identified by ``locator``.</doc>
<msg timestamp="20230930 20:04:45.707" level="INFO">Clicking element '//a[@href='/shop/?add-to-cart=169']'.</msg>
<status status="PASS" starttime="20230930 20:04:45.705" endtime="20230930 20:04:45.782"/>
</kw>
<status status="PASS" starttime="20230930 20:04:45.670" endtime="20230930 20:04:45.782"/>
</kw>
<kw name="Sleep" library="BuiltIn">
<arg>2</arg>
<doc>Pauses the test executed for the given time.</doc>
<msg timestamp="20230930 20:04:47.790" level="INFO">Slept 2 seconds</msg>
<status status="PASS" starttime="20230930 20:04:45.782" endtime="20230930 20:04:47.790"/>
</kw>
<status status="PASS" starttime="20230930 20:04:45.663" endtime="20230930 20:04:47.790"/>
</kw>
<kw name="click on the start shopping button" library="homePage">
<kw name="click Web Element" library="Utils">
<arg>locator=${xpath.startShopping}</arg>
<arg>timeout=5</arg>
<kw name="Log To Console" library="BuiltIn">
<arg>message=clique sur l'element : ${locator}</arg>
<doc>Logs the given message to the console.</doc>
<status status="PASS" starttime="20230930 20:04:47.794" endtime="20230930 20:04:47.795"/>
</kw>
<kw name="Wait Until Page Contains Element" library="SeleniumLibrary">
<arg>locator=${locator}</arg>
<arg>timeout=${timeout}</arg>
<doc>Waits until the element ``locator`` appears on the current page.</doc>
<status status="PASS" starttime="20230930 20:04:47.796" endtime="20230930 20:04:47.816"/>
</kw>
<kw name="Click Element" library="SeleniumLibrary">
<arg>locator=${locator}</arg>
<doc>Click the element identified by ``locator``.</doc>
<msg timestamp="20230930 20:04:47.817" level="INFO">Clicking element '//li[@id='wpmenucartli']/a'.</msg>
<status status="PASS" starttime="20230930 20:04:47.816" endtime="20230930 20:04:50.900"/>
</kw>
<status status="PASS" starttime="20230930 20:04:47.793" endtime="20230930 20:04:50.901"/>
</kw>
<status status="PASS" starttime="20230930 20:04:47.792" endtime="20230930 20:04:50.901"/>
</kw>
<kw name="click on remove from basket" library="ShopPage">
<kw name="click Web Element" library="Utils">
<arg>locator=${xpath.removeProductButton}</arg>
<arg>timeout=5</arg>
<kw name="Log To Console" library="BuiltIn">
<arg>message=clique sur l'element : ${locator}</arg>
<doc>Logs the given message to the console.</doc>
<status status="PASS" starttime="20230930 20:04:50.902" endtime="20230930 20:04:50.903"/>
</kw>
<kw name="Wait Until Page Contains Element" library="SeleniumLibrary">
<arg>locator=${locator}</arg>
<arg>timeout=${timeout}</arg>
<doc>Waits until the element ``locator`` appears on the current page.</doc>
<status status="PASS" starttime="20230930 20:04:50.903" endtime="20230930 20:04:50.923"/>
</kw>
<kw name="Click Element" library="SeleniumLibrary">
<arg>locator=${locator}</arg>
<doc>Click the element identified by ``locator``.</doc>
<msg timestamp="20230930 20:04:50.924" level="INFO">Clicking element '//td[@class='product-remove']/a'.</msg>
<status status="PASS" starttime="20230930 20:04:50.924" endtime="20230930 20:04:51.001"/>
</kw>
<status status="PASS" starttime="20230930 20:04:50.902" endtime="20230930 20:04:51.002"/>
</kw>
<status status="PASS" starttime="20230930 20:04:50.901" endtime="20230930 20:04:51.002"/>
</kw>
<kw name="fermer navigateur" library="Setup_Teardown" type="TEARDOWN">
<kw name="Log To Console" library="BuiltIn">
<arg>message=closing browser</arg>
<doc>Logs the given message to the console.</doc>
<status status="PASS" starttime="20230930 20:04:51.005" endtime="20230930 20:04:51.007"/>
</kw>
<kw name="Capture Page Screenshot" library="SeleniumLibrary">
<doc>Takes a screenshot of the current page and embeds it into a log file.</doc>
<msg timestamp="20230930 20:04:51.261" level="INFO" html="true">&lt;/td&gt;&lt;/tr&gt;&lt;tr&gt;&lt;td colspan="3"&gt;&lt;a href="selenium-screenshot-21.png"&gt;&lt;img src="selenium-screenshot-21.png" width="800px"&gt;&lt;/a&gt;</msg>
<status status="PASS" starttime="20230930 20:04:51.007" endtime="20230930 20:04:51.261"/>
</kw>
<kw name="Close Browser" library="SeleniumLibrary">
<doc>Closes the current browser.</doc>
<status status="PASS" starttime="20230930 20:04:51.262" endtime="20230930 20:04:53.548"/>
</kw>
<status status="PASS" starttime="20230930 20:04:51.004" endtime="20230930 20:04:53.548"/>
</kw>
<status status="PASS" starttime="20230930 20:04:18.059" endtime="20230930 20:04:53.549"/>
</test>
<doc>ce fichier nous aide à faire executer un test</doc>
<status status="PASS" starttime="20230930 20:04:17.881" endtime="20230930 20:04:53.553"/>
</suite>
<statistics>
<total>
<stat pass="1" fail="0" skip="0">All Tests</stat>
</total>
<tag>
</tag>
<suite>
<stat pass="1" fail="0" skip="0" id="s1" name="testSuite">testSuite</stat>
</suite>
</statistics>
<errors>
<msg timestamp="20230930 20:04:21.245" level="WARN">The chromedriver version (116.0.5845.96) detected in PATH at C:\Python38\Scripts\chromedriver.exe might not be compatible with the detected chrome version (117.0.5938.92); currently, chromedriver 117.0.5938.92 is recommended for chrome 117.*, so it is advised to delete the driver in PATH and retry</msg>
</errors>
</robot>
