<?xml version="1.0" encoding="UTF-8"?>
<robot generator="Robot 6.1.1 (Python 3.8.0 on win32)" generated="20231002 15:20:36.988" rpa="false" schemaversion="4">
<suite id="s1" name="testSuite" source="C:\Formation\Git1-RBF\project_Test_By_RobotFramework\Suites\REC\testSuite.robot">
<test id="s1-t1" name="regiter test" line="24">
<kw name="ouvrir navigateur" library="Setup_Teardown" type="SETUP">
<arg>url=${urlTest}</arg>
<kw name="Log To Console" library="BuiltIn">
<arg>message=Oppening ${url}</arg>
<doc>Logs the given message to the console.</doc>
<status status="PASS" starttime="20231002 15:20:37.384" endtime="20231002 15:20:37.386"/>
</kw>
<kw name="Open Browser" library="SeleniumLibrary">
<arg>url=about:blank</arg>
<arg>browser=chrome</arg>
<doc>Opens a new browser instance to the optional ``url``.</doc>
<msg timestamp="20231002 15:20:37.387" level="INFO">Opening browser 'chrome' to base url 'about:blank'.</msg>
<status status="PASS" starttime="20231002 15:20:37.386" endtime="20231002 15:20:42.377"/>
</kw>
<kw name="Go To" library="SeleniumLibrary">
<arg>${url}</arg>
<doc>Navigates the current browser window to the provided ``url``.</doc>
<msg timestamp="20231002 15:20:42.378" level="INFO">Opening url 'http://practice.automationtesting.in/'</msg>
<status status="PASS" starttime="20231002 15:20:42.378" endtime="20231002 15:20:48.788"/>
</kw>
<kw name="Maximize Browser Window" library="SeleniumLibrary">
<doc>Maximizes current browser window.</doc>
<status status="PASS" starttime="20231002 15:20:48.788" endtime="20231002 15:20:48.917"/>
</kw>
<status status="PASS" starttime="20231002 15:20:37.384" endtime="20231002 15:20:48.918"/>
</kw>
<kw name="click on the myAccount button" library="homePage">
<kw name="click Web Element" library="Utils">
<arg>locator=${xpath.goToMyAccount}</arg>
<arg>timeout=10</arg>
<kw name="Log To Console" library="BuiltIn">
<arg>message=clique sur l'element : ${locator}</arg>
<doc>Logs the given message to the console.</doc>
<status status="PASS" starttime="20231002 15:20:48.920" endtime="20231002 15:20:48.921"/>
</kw>
<kw name="Wait Until Page Contains Element" library="SeleniumLibrary">
<arg>locator=${locator}</arg>
<arg>timeout=${timeout}</arg>
<doc>Waits until the element ``locator`` appears on the current page.</doc>
<status status="PASS" starttime="20231002 15:20:48.922" endtime="20231002 15:20:49.039"/>
</kw>
<kw name="Click Element" library="SeleniumLibrary">
<arg>locator=${locator}</arg>
<doc>Click the element identified by ``locator``.</doc>
<msg timestamp="20231002 15:20:49.042" level="INFO">Clicking element '//a[contains(text(),'My Account')]'.</msg>
<status status="PASS" starttime="20231002 15:20:49.039" endtime="20231002 15:20:49.253"/>
</kw>
<status status="PASS" starttime="20231002 15:20:48.919" endtime="20231002 15:20:49.253"/>
</kw>
<status status="PASS" starttime="20231002 15:20:48.919" endtime="20231002 15:20:49.254"/>
</kw>
<kw name="register" library="loginPage">
<arg>hajartaouil1test@gmail.com</arg>
<arg>TestOGG12345!@hajartaouiltest1998</arg>
<kw name="input in Web Element" library="Utils">
<arg>locator=${xpath.fieldRegisterEmail}</arg>
<arg>timeout=5s</arg>
<arg>text=${username}</arg>
<kw name="Log To Console" library="BuiltIn">
<arg>message=Saisie du text : ${text} sur l'element ${locator}</arg>
<doc>Logs the given message to the console.</doc>
<status status="PASS" starttime="20231002 15:20:49.257" endtime="20231002 15:20:49.259"/>
</kw>
<kw name="Wait Until Page Contains Element" library="SeleniumLibrary">
<arg>locator=${locator}</arg>
<arg>timeout=${timeout}</arg>
<doc>Waits until the element ``locator`` appears on the current page.</doc>
<status status="PASS" starttime="20231002 15:20:49.259" endtime="20231002 15:20:52.201"/>
</kw>
<kw name="Input Text" library="SeleniumLibrary">
<arg>locator=${locator}</arg>
<arg>text=${text}</arg>
<doc>Types the given ``text`` into the text field identified by ``locator``.</doc>
<msg timestamp="20231002 15:20:52.203" level="INFO">Typing text 'hajartaouil1test@gmail.com' into text field '//input[@id='reg_email']'.</msg>
<status status="PASS" starttime="20231002 15:20:52.201" endtime="20231002 15:20:52.543"/>
</kw>
<status status="PASS" starttime="20231002 15:20:49.256" endtime="20231002 15:20:52.543"/>
</kw>
<kw name="input in Web Element" library="Utils">
<arg>locator=${xpath.fieldRegisterPassword}</arg>
<arg>timeout=5s</arg>
<arg>text=${password}</arg>
<kw name="Log To Console" library="BuiltIn">
<arg>message=Saisie du text : ${text} sur l'element ${locator}</arg>
<doc>Logs the given message to the console.</doc>
<status status="PASS" starttime="20231002 15:20:52.545" endtime="20231002 15:20:52.547"/>
</kw>
<kw name="Wait Until Page Contains Element" library="SeleniumLibrary">
<arg>locator=${locator}</arg>
<arg>timeout=${timeout}</arg>
<doc>Waits until the element ``locator`` appears on the current page.</doc>
<status status="PASS" starttime="20231002 15:20:52.548" endtime="20231002 15:20:52.583"/>
</kw>
<kw name="Input Text" library="SeleniumLibrary">
<arg>locator=${locator}</arg>
<arg>text=${text}</arg>
<doc>Types the given ``text`` into the text field identified by ``locator``.</doc>
<msg timestamp="20231002 15:20:52.584" level="INFO">Typing text 'TestOGG12345!@hajartaouiltest1998' into text field '//input[@id='reg_password']'.</msg>
<status status="PASS" starttime="20231002 15:20:52.583" endtime="20231002 15:20:53.279"/>
</kw>
<status status="PASS" starttime="20231002 15:20:52.543" endtime="20231002 15:20:53.280"/>
</kw>
<status status="PASS" starttime="20231002 15:20:49.255" endtime="20231002 15:20:53.280"/>
</kw>
<kw name="Click register" library="loginPage">
<kw name="click Web Element" library="Utils">
<arg>locator=${xpath.registerButton}</arg>
<arg>timeout=20s</arg>
<kw name="Log To Console" library="BuiltIn">
<arg>message=clique sur l'element : ${locator}</arg>
<doc>Logs the given message to the console.</doc>
<status status="PASS" starttime="20231002 15:20:53.282" endtime="20231002 15:20:53.284"/>
</kw>
<kw name="Wait Until Page Contains Element" library="SeleniumLibrary">
<arg>locator=${locator}</arg>
<arg>timeout=${timeout}</arg>
<doc>Waits until the element ``locator`` appears on the current page.</doc>
<status status="PASS" starttime="20231002 15:20:53.284" endtime="20231002 15:20:53.340"/>
</kw>
<kw name="Click Element" library="SeleniumLibrary">
<arg>locator=${locator}</arg>
<doc>Click the element identified by ``locator``.</doc>
<msg timestamp="20231002 15:20:53.342" level="INFO">Clicking element '//input[@value='Register']'.</msg>
<status status="PASS" starttime="20231002 15:20:53.340" endtime="20231002 15:20:55.215"/>
</kw>
<status status="PASS" starttime="20231002 15:20:53.281" endtime="20231002 15:20:55.215"/>
</kw>
<status status="PASS" starttime="20231002 15:20:53.281" endtime="20231002 15:20:55.215"/>
</kw>
<kw name="fermer navigateur" library="Setup_Teardown" type="TEARDOWN">
<kw name="Log To Console" library="BuiltIn">
<arg>message=closing browser</arg>
<doc>Logs the given message to the console.</doc>
<status status="PASS" starttime="20231002 15:20:55.217" endtime="20231002 15:20:55.218"/>
</kw>
<kw name="Capture Page Screenshot" library="SeleniumLibrary">
<doc>Takes a screenshot of the current page and embeds it into a log file.</doc>
<msg timestamp="20231002 15:20:55.626" level="INFO" html="true">&lt;/td&gt;&lt;/tr&gt;&lt;tr&gt;&lt;td colspan="3"&gt;&lt;a href="selenium-screenshot-53.png"&gt;&lt;img src="selenium-screenshot-53.png" width="800px"&gt;&lt;/a&gt;</msg>
<status status="PASS" starttime="20231002 15:20:55.218" endtime="20231002 15:20:55.627"/>
</kw>
<kw name="Close Browser" library="SeleniumLibrary">
<doc>Closes the current browser.</doc>
<status status="PASS" starttime="20231002 15:20:55.627" endtime="20231002 15:20:58.132"/>
</kw>
<status status="PASS" starttime="20231002 15:20:55.217" endtime="20231002 15:20:58.132"/>
</kw>
<status status="PASS" starttime="20231002 15:20:37.382" endtime="20231002 15:20:58.134"/>
</test>
<test id="s1-t2" name="shopping test" line="33">
<kw name="ouvrir navigateur" library="Setup_Teardown" type="SETUP">
<arg>url=${urlTest}</arg>
<kw name="Log To Console" library="BuiltIn">
<arg>message=Oppening ${url}</arg>
<doc>Logs the given message to the console.</doc>
<status status="PASS" starttime="20231002 15:20:58.142" endtime="20231002 15:20:58.144"/>
</kw>
<kw name="Open Browser" library="SeleniumLibrary">
<arg>url=about:blank</arg>
<arg>browser=chrome</arg>
<doc>Opens a new browser instance to the optional ``url``.</doc>
<msg timestamp="20231002 15:20:58.147" level="INFO">Opening browser 'chrome' to base url 'about:blank'.</msg>
<status status="PASS" starttime="20231002 15:20:58.145" endtime="20231002 15:21:02.999"/>
</kw>
<kw name="Go To" library="SeleniumLibrary">
<arg>${url}</arg>
<doc>Navigates the current browser window to the provided ``url``.</doc>
<msg timestamp="20231002 15:21:03.001" level="INFO">Opening url 'http://practice.automationtesting.in/'</msg>
<status status="PASS" starttime="20231002 15:21:03.000" endtime="20231002 15:21:10.107"/>
</kw>
<kw name="Maximize Browser Window" library="SeleniumLibrary">
<doc>Maximizes current browser window.</doc>
<status status="PASS" starttime="20231002 15:21:10.107" endtime="20231002 15:21:10.239"/>
</kw>
<status status="PASS" starttime="20231002 15:20:58.141" endtime="20231002 15:21:10.239"/>
</kw>
<kw name="click on the shop button" library="homePage">
<kw name="click Web Element" library="Utils">
<arg>locator=${xpath.shopButton}</arg>
<arg>timeout=5</arg>
<kw name="Log To Console" library="BuiltIn">
<arg>message=clique sur l'element : ${locator}</arg>
<doc>Logs the given message to the console.</doc>
<status status="PASS" starttime="20231002 15:21:10.242" endtime="20231002 15:21:10.244"/>
</kw>
<kw name="Wait Until Page Contains Element" library="SeleniumLibrary">
<arg>locator=${locator}</arg>
<arg>timeout=${timeout}</arg>
<doc>Waits until the element ``locator`` appears on the current page.</doc>
<status status="PASS" starttime="20231002 15:21:10.244" endtime="20231002 15:21:10.327"/>
</kw>
<kw name="Click Element" library="SeleniumLibrary">
<arg>locator=${locator}</arg>
<doc>Click the element identified by ``locator``.</doc>
<msg timestamp="20231002 15:21:10.333" level="INFO">Clicking element '//li[@id='menu-item-40']/a'.</msg>
<status status="PASS" starttime="20231002 15:21:10.330" endtime="20231002 15:21:10.522"/>
</kw>
<status status="PASS" starttime="20231002 15:21:10.241" endtime="20231002 15:21:10.523"/>
</kw>
<status status="PASS" starttime="20231002 15:21:10.240" endtime="20231002 15:21:10.523"/>
</kw>
<kw name="click on add to basket" library="ShopPage">
<kw name="Scroll en bas" library="Utils">
<kw name="Execute Javascript" library="SeleniumLibrary">
<arg>window.scrollTo(0, window.scrollY+500)</arg>
<doc>Executes the given JavaScript code with possible arguments.</doc>
<msg timestamp="20231002 15:21:10.531" level="INFO">Executing JavaScript:
window.scrollTo(0, window.scrollY+500)
Without any arguments.</msg>
<status status="PASS" starttime="20231002 15:21:10.529" endtime="20231002 15:21:10.543"/>
</kw>
<status status="PASS" starttime="20231002 15:21:10.528" endtime="20231002 15:21:10.543"/>
</kw>
<kw name="click Web Element" library="Utils">
<arg>locator=${xpath.addToCardButton}</arg>
<arg>timeout=5</arg>
<kw name="Log To Console" library="BuiltIn">
<arg>message=clique sur l'element : ${locator}</arg>
<doc>Logs the given message to the console.</doc>
<status status="PASS" starttime="20231002 15:21:10.544" endtime="20231002 15:21:10.546"/>
</kw>
<kw name="Wait Until Page Contains Element" library="SeleniumLibrary">
<arg>locator=${locator}</arg>
<arg>timeout=${timeout}</arg>
<doc>Waits until the element ``locator`` appears on the current page.</doc>
<status status="PASS" starttime="20231002 15:21:10.546" endtime="20231002 15:21:15.004"/>
</kw>
<kw name="Click Element" library="SeleniumLibrary">
<arg>locator=${locator}</arg>
<doc>Click the element identified by ``locator``.</doc>
<msg timestamp="20231002 15:21:15.005" level="INFO">Clicking element '//a[@href='/shop/?add-to-cart=169']'.</msg>
<status status="PASS" starttime="20231002 15:21:15.004" endtime="20231002 15:21:15.228"/>
</kw>
<status status="PASS" starttime="20231002 15:21:10.543" endtime="20231002 15:21:15.229"/>
</kw>
<kw name="Sleep" library="BuiltIn">
<arg>2</arg>
<doc>Pauses the test executed for the given time.</doc>
<msg timestamp="20231002 15:21:17.244" level="INFO">Slept 2 seconds</msg>
<status status="PASS" starttime="20231002 15:21:15.229" endtime="20231002 15:21:17.244"/>
</kw>
<status status="PASS" starttime="20231002 15:21:10.526" endtime="20231002 15:21:17.244"/>
</kw>
<kw name="click on the start shopping button" library="homePage">
<kw name="click Web Element" library="Utils">
<arg>locator=${xpath.startShopping}</arg>
<arg>timeout=5</arg>
<kw name="Log To Console" library="BuiltIn">
<arg>message=clique sur l'element : ${locator}</arg>
<doc>Logs the given message to the console.</doc>
<status status="PASS" starttime="20231002 15:21:17.251" endtime="20231002 15:21:17.252"/>
</kw>
<kw name="Wait Until Page Contains Element" library="SeleniumLibrary">
<arg>locator=${locator}</arg>
<arg>timeout=${timeout}</arg>
<doc>Waits until the element ``locator`` appears on the current page.</doc>
<status status="PASS" starttime="20231002 15:21:17.253" endtime="20231002 15:21:17.310"/>
</kw>
<kw name="Click Element" library="SeleniumLibrary">
<arg>locator=${locator}</arg>
<doc>Click the element identified by ``locator``.</doc>
<msg timestamp="20231002 15:21:17.313" level="INFO">Clicking element '//li[@id='wpmenucartli']/a'.</msg>
<status status="PASS" starttime="20231002 15:21:17.311" endtime="20231002 15:21:19.863"/>
</kw>
<status status="PASS" starttime="20231002 15:21:17.248" endtime="20231002 15:21:19.864"/>
</kw>
<status status="PASS" starttime="20231002 15:21:17.246" endtime="20231002 15:21:19.865"/>
</kw>
<kw name="click on remove from basket" library="ShopPage">
<kw name="click Web Element" library="Utils">
<arg>locator=${xpath.removeProductButton}</arg>
<arg>timeout=5</arg>
<kw name="Log To Console" library="BuiltIn">
<arg>message=clique sur l'element : ${locator}</arg>
<doc>Logs the given message to the console.</doc>
<status status="PASS" starttime="20231002 15:21:19.870" endtime="20231002 15:21:19.872"/>
</kw>
<kw name="Wait Until Page Contains Element" library="SeleniumLibrary">
<arg>locator=${locator}</arg>
<arg>timeout=${timeout}</arg>
<doc>Waits until the element ``locator`` appears on the current page.</doc>
<status status="PASS" starttime="20231002 15:21:19.873" endtime="20231002 15:21:19.933"/>
</kw>
<kw name="Click Element" library="SeleniumLibrary">
<arg>locator=${locator}</arg>
<doc>Click the element identified by ``locator``.</doc>
<msg timestamp="20231002 15:21:19.938" level="INFO">Clicking element '//td[@class='product-remove']/a'.</msg>
<status status="PASS" starttime="20231002 15:21:19.934" endtime="20231002 15:21:20.255"/>
</kw>
<status status="PASS" starttime="20231002 15:21:19.868" endtime="20231002 15:21:20.256"/>
</kw>
<status status="PASS" starttime="20231002 15:21:19.867" endtime="20231002 15:21:20.256"/>
</kw>
<kw name="fermer navigateur" library="Setup_Teardown" type="TEARDOWN">
<kw name="Log To Console" library="BuiltIn">
<arg>message=closing browser</arg>
<doc>Logs the given message to the console.</doc>
<status status="PASS" starttime="20231002 15:21:20.258" endtime="20231002 15:21:20.259"/>
</kw>
<kw name="Capture Page Screenshot" library="SeleniumLibrary">
<doc>Takes a screenshot of the current page and embeds it into a log file.</doc>
<msg timestamp="20231002 15:21:20.561" level="INFO" html="true">&lt;/td&gt;&lt;/tr&gt;&lt;tr&gt;&lt;td colspan="3"&gt;&lt;a href="selenium-screenshot-54.png"&gt;&lt;img src="selenium-screenshot-54.png" width="800px"&gt;&lt;/a&gt;</msg>
<status status="PASS" starttime="20231002 15:21:20.259" endtime="20231002 15:21:20.562"/>
</kw>
<kw name="Close Browser" library="SeleniumLibrary">
<doc>Closes the current browser.</doc>
<status status="PASS" starttime="20231002 15:21:20.562" endtime="20231002 15:21:23.128"/>
</kw>
<status status="PASS" starttime="20231002 15:21:20.258" endtime="20231002 15:21:23.129"/>
</kw>
<status status="PASS" starttime="20231002 15:20:58.138" endtime="20231002 15:21:23.130"/>
</test>
<doc>ce fichier nous aide à faire executer un test</doc>
<status status="PASS" starttime="20231002 15:20:36.992" endtime="20231002 15:21:23.134"/>
</suite>
<statistics>
<total>
<stat pass="2" fail="0" skip="0">All Tests</stat>
</total>
<tag>
</tag>
<suite>
<stat pass="2" fail="0" skip="0" id="s1" name="testSuite">testSuite</stat>
</suite>
</statistics>
<errors>
</errors>
</robot>
